<?xml version="1.0" encoding="UTF-8"?>
<!-- Generated by org.testng.reporters.JUnitXMLReporter -->
<testsuite ignored="0" hostname="SAMSUNG" failures="1" tests="4" name="Command line test" time="0.094" errors="0" timestamp="2021-04-28T21:58:17 EEST">
  <testcase classname="HW14Test" name="emptyStrTest" time="0.032"/>
  <testcase classname="HW14Test" name="nullTest" time="0.0"/>
  <testcase classname="HW14Test" name="numberStrTest" time="0.0"/>
  <testcase classname="HW14Test" name="test" time="0.0">
    <failure type="java.lang.AssertionError" message="Pizda! expected [teevirp] but found [tevirp]">
      <![CDATA[java.lang.AssertionError: Pizda! expected [teevirp] but found [tevirp]
at HW14Test.test(HW14Test.java:8)
at java.base/java.util.ArrayList.forEach(ArrayList.java:1511)
... Removed 41 stack frames]]>
    </failure>
  </testcase> <!-- test -->
</testsuite> <!-- Command line test -->
