<?xml version="1.0" encoding="UTF-8" ?>
<testsuite tests="4" failures="1" name="HW14Test" time="0.016" errors="0" skipped="0">
  <properties>
[...]
</properties>
  <testcase classname="HW14Test" name="emptyStrTest" time="0.016"/>
  <testcase classname="HW14Test" name="nullTest" time="0"/>
  <testcase classname="HW14Test" name="numberStrTest" time="0"/>
  <testcase classname="HW14Test" name="test" time="0">
    <failure message="Pizda! expected [teevirp] but found [tevirp]" type="java.lang.AssertionError">java.lang.AssertionError: Pizda! expected [teevirp] but found [tevirp]
	at org.testng.Assert.fail(Assert.java:99)
	at org.testng.Assert.failNotEquals(Assert.java:1037)
	at org.testng.Assert.assertEqualsImpl(Assert.java:140)
	at org.testng.Assert.assertEquals(Assert.java:122)
	at org.testng.Assert.assertEquals(Assert.java:629)
	at HW14Test.test(HW14Test.java:8)
</failure>
  </testcase>
</testsuite>